# JRE version: OpenJDK Runtime Environment (17.0.15+6) (build 17.0.15+6-Ubuntu-0ubuntu122.04)
# Java VM: OpenJDK 64-Bit Server VM (17.0.15+6-Ubuntu-0ubuntu122.04, mixed mode, sharing, tiered, compressed oops, compressed class ptrs, g1 gc, linux-amd64)
GC Precious Log:
 CPUs: 4 total, 4 available
 Memory: 7786M
 Large Page Support: Disabled
 NUMA Support: Disabled
 Compressed Oops: Enabled (32-bit)
 Heap Region Size: 1M
 Heap Min Capacity: 8M
 Heap Initial Capacity: 122M
 Heap Max Capacity: 1948M
 Pre-touch: Disabled
 Parallel Workers: 4
 Concurrent Workers: 1
 Concurrent Refinement Workers: 4
 Periodic GC: Disabled
Heap:
 garbage-first heap   total 137216K, used 112747K [0x0000000086400000, 0x0000000100000000)
  region size 1024K, 83 young (84992K), 9 survivors (9216K)
 Metaspace       used 68884K, committed 69440K, reserved 1114112K
  class space    used 9512K, committed 9792K, reserved 1048576K
GC Heap History (20 events):
Event: 5.540 GC heap after
{Heap after GC invocations=6 (full 0):
 garbage-first heap   total 78848K, used 23805K [0x0000000086400000, 0x0000000100000000)
  region size 1024K, 4 young (4096K), 4 survivors (4096K)
 Metaspace       used 24506K, committed 24832K, reserved 1114112K
  class space    used 3034K, committed 3200K, reserved 1048576K
}
Event: 5.567 GC heap before
{Heap before GC invocations=6 (full 0):
 garbage-first heap   total 78848K, used 24829K [0x0000000086400000, 0x0000000100000000)
  region size 1024K, 5 young (5120K), 4 survivors (4096K)
 Metaspace       used 24680K, committed 25024K, reserved 1114112K
  class space    used 3057K, committed 3264K, reserved 1048576K
}
Event: 5.572 GC heap after
{Heap after GC invocations=7 (full 0):
 garbage-first heap   total 97280K, used 23806K [0x0000000086400000, 0x0000000100000000)
  region size 1024K, 1 young (1024K), 1 survivors (1024K)
 Metaspace       used 24680K, committed 25024K, reserved 1114112K
  class space    used 3057K, committed 3264K, reserved 1048576K
}
Event: 6.972 GC heap before
{Heap before GC invocations=7 (full 0):
 garbage-first heap   total 97280K, used 63742K [0x0000000086400000, 0x0000000100000000)
  region size 1024K, 40 young (40960K), 1 survivors (1024K)
 Metaspace       used 28386K, committed 28672K, reserved 1114112K
  class space    used 3499K, committed 3648K, reserved 1048576K
}
Event: 6.978 GC heap after
{Heap after GC invocations=8 (full 0):
 garbage-first heap   total 97280K, used 25527K [0x0000000086400000, 0x0000000100000000)
  region size 1024K, 3 young (3072K), 3 survivors (3072K)
 Metaspace       used 28386K, committed 28672K, reserved 1114112K
  class space    used 3499K, committed 3648K, reserved 1048576K
}
Event: 8.822 GC heap before
{Heap before GC invocations=8 (full 0):
 garbage-first heap   total 97280K, used 67511K [0x0000000086400000, 0x0000000100000000)
  region size 1024K, 44 young (45056K), 3 survivors (3072K)
 Metaspace       used 35045K, committed 35456K, reserved 1114112K
  class space    used 4399K, committed 4608K, reserved 1048576K
}
Event: 8.850 GC heap after
{Heap after GC invocations=9 (full 0):
 garbage-first heap   total 97280K, used 29205K [0x0000000086400000, 0x0000000100000000)
  region size 1024K, 6 young (6144K), 6 survivors (6144K)
 Metaspace       used 35045K, committed 35456K, reserved 1114112K
  class space    used 4399K, committed 4608K, reserved 1048576K
}
Event: 8.946 GC heap before
{Heap before GC invocations=9 (full 0):
 garbage-first heap   total 97280K, used 31253K [0x0000000086400000, 0x0000000100000000)
  region size 1024K, 9 young (9216K), 6 survivors (6144K)
 Metaspace       used 35618K, committed 35968K, reserved 1114112K
  class space    used 4465K, committed 4608K, reserved 1048576K
}
Event: 8.959 GC heap after
{Heap after GC invocations=10 (full 0):
 garbage-first heap   total 97280K, used 30281K [0x0000000086400000, 0x0000000100000000)
  region size 1024K, 2 young (2048K), 2 survivors (2048K)
 Metaspace       used 35618K, committed 35968K, reserved 1114112K
  class space    used 4465K, committed 4608K, reserved 1048576K
}
Event: 10.936 GC heap before
{Heap before GC invocations=11 (full 0):
 garbage-first heap   total 97280K, used 64073K [0x0000000086400000, 0x0000000100000000)
  region size 1024K, 35 young (35840K), 2 survivors (2048K)
 Metaspace       used 41838K, committed 42304K, reserved 1114112K
  class space    used 5348K, committed 5568K, reserved 1048576K
}
Event: 10.960 GC heap after
{Heap after GC invocations=12 (full 0):
 garbage-first heap   total 97280K, used 31682K [0x0000000086400000, 0x0000000100000000)
  region size 1024K, 3 young (3072K), 3 survivors (3072K)
 Metaspace       used 41838K, committed 42304K, reserved 1114112K
  class space    used 5348K, committed 5568K, reserved 1048576K
}
Event: 11.018 GC heap before
{Heap before GC invocations=12 (full 0):
 garbage-first heap   total 97280K, used 32706K [0x0000000086400000, 0x0000000100000000)
  region size 1024K, 4 young (4096K), 3 survivors (3072K)
 Metaspace       used 42079K, committed 42496K, reserved 1114112K
  class space    used 5386K, committed 5568K, reserved 1048576K
}
Event: 11.027 GC heap after
{Heap after GC invocations=13 (full 0):
 garbage-first heap   total 97280K, used 31465K [0x0000000086400000, 0x0000000100000000)
  region size 1024K, 1 young (1024K), 1 survivors (1024K)
 Metaspace       used 42079K, committed 42496K, reserved 1114112K
  class space    used 5386K, committed 5568K, reserved 1048576K
}
Event: 12.881 GC heap before
{Heap before GC invocations=13 (full 0):
 garbage-first heap   total 97280K, used 66281K [0x0000000086400000, 0x0000000100000000)
  region size 1024K, 35 young (35840K), 1 survivors (1024K)
 Metaspace       used 48226K, committed 48640K, reserved 1114112K
  class space    used 6283K, committed 6464K, reserved 1048576K
}
Event: 12.891 GC heap after
{Heap after GC invocations=14 (full 0):
 garbage-first heap   total 181248K, used 33970K [0x0000000086400000, 0x0000000100000000)
  region size 1024K, 3 young (3072K), 3 survivors (3072K)
 Metaspace       used 48226K, committed 48640K, reserved 1114112K
  class space    used 6283K, committed 6464K, reserved 1048576K
}
Event: 15.967 GC heap before
{Heap before GC invocations=14 (full 0):
 garbage-first heap   total 181248K, used 126130K [0x0000000086400000, 0x0000000100000000)
  region size 1024K, 93 young (95232K), 3 survivors (3072K)
 Metaspace       used 57308K, committed 57728K, reserved 1114112K
  class space    used 7656K, committed 7872K, reserved 1048576K
}
Event: 15.981 GC heap after
{Heap after GC invocations=15 (full 0):
 garbage-first heap   total 181248K, used 36235K [0x0000000086400000, 0x0000000100000000)
  region size 1024K, 5 young (5120K), 5 survivors (5120K)
 Metaspace       used 57308K, committed 57728K, reserved 1114112K
  class space    used 7656K, committed 7872K, reserved 1048576K
}
Event: 18.152 GC heap before
{Heap before GC invocations=15 (full 0):
 garbage-first heap   total 181248K, used 49547K [0x0000000086400000, 0x0000000100000000)
  region size 1024K, 19 young (19456K), 5 survivors (5120K)
 Metaspace       used 59579K, committed 60096K, reserved 1114112K
  class space    used 7984K, committed 8256K, reserved 1048576K
}
Event: 18.163 GC heap after
{Heap after GC invocations=16 (full 0):
 garbage-first heap   total 181248K, used 36971K [0x0000000086400000, 0x0000000100000000)
  region size 1024K, 6 young (6144K), 6 survivors (6144K)
 Metaspace       used 59579K, committed 60096K, reserved 1114112K
  class space    used 7984K, committed 8256K, reserved 1048576K
}
Event: 24.159 GC heap before
{Heap before GC invocations=17 (full 0):
 garbage-first heap   total 137216K, used 112747K [0x0000000086400000, 0x0000000100000000)
  region size 1024K, 80 young (81920K), 6 survivors (6144K)
 Metaspace       used 68884K, committed 69440K, reserved 1114112K
  class space    used 9512K, committed 9792K, reserved 1048576K
}

